<?xml version="1.0" encoding="UTF-8"?>
<testng-results skipped="0" failed="0" ignored="0" total="1" passed="1">
  <reporter-output>
  </reporter-output>
  <suite name="Default suite" duration-ms="118" started-at="2022-03-12T07:35:25Z" finished-at="2022-03-12T07:35:25Z">
    <groups>
    </groups>
    <test name="Default test" duration-ms="118" started-at="2022-03-12T07:35:25Z" finished-at="2022-03-12T07:35:25Z">
      <class name="PractiseGit2.Demo2">
        <test-method status="PASS" signature="demo()[pri:0, instance:PractiseGit2.Demo2@56f4468b]" name="demo" duration-ms="20" started-at="2022-03-12T07:35:25Z" finished-at="2022-03-12T07:35:25Z">
          <reporter-output>
          </reporter-output>
        </test-method> <!-- demo -->
      </class> <!-- PractiseGit2.Demo2 -->
    </test> <!-- Default test -->
  </suite> <!-- Default suite -->
</testng-results>
